<?xml version="1.0" encoding="UTF-8"?>
<testsuite name="com.documentor.model.CodeElementTest" tests="11" skipped="0" failures="0" errors="0" timestamp="2025-10-08T01:25:23" hostname="LAPPY" time="0.024">
  <properties/>
  <testcase name="testGetId()" classname="com.documentor.model.CodeElementTest" time="0.001"/>
  <testcase name="testToString()" classname="com.documentor.model.CodeElementTest" time="0.015"/>
  <testcase name="testConstructorAndGetters()" classname="com.documentor.model.CodeElementTest" time="0.001"/>
  <testcase name="testIsPublicFalse()" classname="com.documentor.model.CodeElementTest" time="0.001"/>
  <testcase name="testWithEmptyCollections()" classname="com.documentor.model.CodeElementTest" time="0.001"/>
  <testcase name="testGetDisplayName()" classname="com.documentor.model.CodeElementTest" time="0.0"/>
  <testcase name="testIsPublicFalseForPythonPrivate()" classname="com.documentor.model.CodeElementTest" time="0.0"/>
  <testcase name="testGetAnalysisContextMinimal()" classname="com.documentor.model.CodeElementTest" time="0.001"/>
  <testcase name="testIsPublicTrue()" classname="com.documentor.model.CodeElementTest" time="0.0"/>
  <testcase name="testEquality()" classname="com.documentor.model.CodeElementTest" time="0.002"/>
  <testcase name="testGetAnalysisContextComplete()" classname="com.documentor.model.CodeElementTest" time="0.001"/>
  <system-out><![CDATA[]]></system-out>
  <system-err><![CDATA[]]></system-err>
</testsuite>
