<?xml version="1.0" encoding="UTF-8"?>
<testsuite name="com.documentor.DocumentorApplicationEnhancedTest" tests="8" skipped="0" failures="0" errors="0" timestamp="2025-10-08T01:25:16" hostname="LAPPY" time="1.71">
  <properties/>
  <testcase name="testMainMethod()" classname="com.documentor.DocumentorApplicationEnhancedTest" time="1.624"/>
  <testcase name="testApplicationClassIsNotAbstract()" classname="com.documentor.DocumentorApplicationEnhancedTest" time="0.021"/>
  <testcase name="testApplicationClassHasMainMethod()" classname="com.documentor.DocumentorApplicationEnhancedTest" time="0.017"/>
  <testcase name="testApplicationClassExists()" classname="com.documentor.DocumentorApplicationEnhancedTest" time="0.011"/>
  <testcase name="testMainMethodWithEmptyArgs()" classname="com.documentor.DocumentorApplicationEnhancedTest" time="0.005"/>
  <testcase name="testMainMethodWithMultipleArgs()" classname="com.documentor.DocumentorApplicationEnhancedTest" time="0.006"/>
  <testcase name="testMainMethodWithNullArgs()" classname="com.documentor.DocumentorApplicationEnhancedTest" time="0.007"/>
  <testcase name="testApplicationClassPackage()" classname="com.documentor.DocumentorApplicationEnhancedTest" time="0.002"/>
  <system-out><![CDATA[]]></system-out>
  <system-err><![CDATA[WARNING: A Java agent has been loaded dynamically (C:\Users\Pete\.gradle\caches\modules-2\files-2.1\net.bytebuddy\byte-buddy-agent\1.14.10\90ed94ac044ea8953b224304c762316e91fd6b31\byte-buddy-agent-1.14.10.jar)
WARNING: If a serviceability tool is in use, please run with -XX:+EnableDynamicAgentLoading to hide this warning
WARNING: If a serviceability tool is not in use, please run with -Djdk.instrument.traceUsage for more information
WARNING: Dynamic loading of agents will be disallowed by default in a future release
]]></system-err>
</testsuite>
