<?xml version="1.0" encoding="UTF-8"?>
<testsuite name="com.documentor.model.CodeElementTypeTest" tests="7" skipped="0" failures="0" errors="0" timestamp="2025-10-08T01:25:23" hostname="LAPPY" time="0.005">
  <properties/>
  <testcase name="testEnumValues()" classname="com.documentor.model.CodeElementTypeTest" time="0.001"/>
  <testcase name="testOrdinal()" classname="com.documentor.model.CodeElementTypeTest" time="0.0"/>
  <testcase name="testToString()" classname="com.documentor.model.CodeElementTypeTest" time="0.0"/>
  <testcase name="testGetIcon()" classname="com.documentor.model.CodeElementTypeTest" time="0.0"/>
  <testcase name="testValueOf()" classname="com.documentor.model.CodeElementTypeTest" time="0.001"/>
  <testcase name="testGetDescription()" classname="com.documentor.model.CodeElementTypeTest" time="0.0"/>
  <testcase name="testEnumProperties()" classname="com.documentor.model.CodeElementTypeTest" time="0.001"/>
  <system-out><![CDATA[]]></system-out>
  <system-err><![CDATA[]]></system-err>
</testsuite>
