<?xml version="1.0" encoding="UTF-8"?>
<testsuite name="com.documentor.cli.DocumentorCommandsStatusTest" tests="4" skipped="0" failures="0" errors="0" timestamp="2025-10-08T01:25:22" hostname="LAPPY" time="0.071">
  <properties/>
  <testcase name="testShowStatusWithNullConfigStillWorks()" classname="com.documentor.cli.DocumentorCommandsStatusTest" time="0.052"/>
  <testcase name="testQuickStartContainsExpectedContent()" classname="com.documentor.cli.DocumentorCommandsStatusTest" time="0.001"/>
  <testcase name="testShowInfoContainsExpectedContent()" classname="com.documentor.cli.DocumentorCommandsStatusTest" time="0.001"/>
  <testcase name="testShowStatusWithMockedConfig()" classname="com.documentor.cli.DocumentorCommandsStatusTest" time="0.014"/>
  <system-out><![CDATA[]]></system-out>
  <system-err><![CDATA[]]></system-err>
</testsuite>
