<?xml version="1.0" encoding="UTF-8"?>
<testsuite name="com.documentor.service.DocumentationServiceCoverageTest" tests="5" skipped="0" failures="0" errors="0" timestamp="2025-10-08T01:25:23" hostname="LAPPY" time="0.043">
  <properties/>
  <testcase name="testGenerateDocumentationWithLargeProject()" classname="com.documentor.service.DocumentationServiceCoverageTest" time="0.036"/>
  <testcase name="testGenerateDocumentationWithMixedFiles()" classname="com.documentor.service.DocumentationServiceCoverageTest" time="0.001"/>
  <testcase name="testGenerateDocumentationWithMultipleElementTypes()" classname="com.documentor.service.DocumentationServiceCoverageTest" time="0.002"/>
  <testcase name="testGenerateDocumentationWithEmptyProject()" classname="com.documentor.service.DocumentationServiceCoverageTest" time="0.001"/>
  <testcase name="testGenerateDocumentationWithPythonElements()" classname="com.documentor.service.DocumentationServiceCoverageTest" time="0.001"/>
  <system-out><![CDATA[21:25:23.498 [Test worker] INFO  c.d.service.DocumentationService - ]]>&#x1f4dd;<![CDATA[ Starting documentation generation for project: /test
21:25:23.501 [Test worker] INFO  c.d.service.DocumentationService - ]]>&#x1f4dd;<![CDATA[ Starting documentation generation for project: /test
21:25:23.500 [ForkJoinPool.commonPool-worker-1] ERROR c.d.service.DocumentationService - ❌ Error generating documentation: Cannot invoke "com.documentor.config.DocumentorConfig$OutputSettings.outputPath()" because the return value of "com.documentor.config.DocumentorConfig.outputSettings()" is null
java.lang.NullPointerException: Cannot invoke "com.documentor.config.DocumentorConfig$OutputSettings.outputPath()" because the return value of "com.documentor.config.DocumentorConfig.outputSettings()" is null
	at com.documentor.service.DocumentationService.lambda$generateDocumentation$0(DocumentationService.java:53)
	at java.base/java.util.concurrent.CompletableFuture$AsyncSupply.run(CompletableFuture.java:1768)
	at java.base/java.util.concurrent.CompletableFuture$AsyncSupply.exec(CompletableFuture.java:1760)
	at java.base/java.util.concurrent.ForkJoinTask.doExec(ForkJoinTask.java:387)
	at java.base/java.util.concurrent.ForkJoinPool$WorkQueue.topLevelExec(ForkJoinPool.java:1312)
	at java.base/java.util.concurrent.ForkJoinPool.scan(ForkJoinPool.java:1843)
	at java.base/java.util.concurrent.ForkJoinPool.runWorker(ForkJoinPool.java:1808)
	at java.base/java.util.concurrent.ForkJoinWorkerThread.run(ForkJoinWorkerThread.java:188)
21:25:23.501 [ForkJoinPool.commonPool-worker-1] ERROR c.d.service.DocumentationService - ❌ Error generating documentation: Cannot invoke "com.documentor.config.DocumentorConfig$OutputSettings.outputPath()" because the return value of "com.documentor.config.DocumentorConfig.outputSettings()" is null
java.lang.NullPointerException: Cannot invoke "com.documentor.config.DocumentorConfig$OutputSettings.outputPath()" because the return value of "com.documentor.config.DocumentorConfig.outputSettings()" is null
	at com.documentor.service.DocumentationService.lambda$generateDocumentation$0(DocumentationService.java:53)
	at java.base/java.util.concurrent.CompletableFuture$AsyncSupply.run(CompletableFuture.java:1768)
	at java.base/java.util.concurrent.CompletableFuture$AsyncSupply.exec(CompletableFuture.java:1760)
	at java.base/java.util.concurrent.ForkJoinTask.doExec(ForkJoinTask.java:387)
	at java.base/java.util.concurrent.ForkJoinPool$WorkQueue.topLevelExec(ForkJoinPool.java:1312)
	at java.base/java.util.concurrent.ForkJoinPool.scan(ForkJoinPool.java:1843)
	at java.base/java.util.concurrent.ForkJoinPool.runWorker(ForkJoinPool.java:1808)
	at java.base/java.util.concurrent.ForkJoinWorkerThread.run(ForkJoinWorkerThread.java:188)
21:25:23.503 [Test worker] INFO  c.d.service.DocumentationService - ]]>&#x1f4dd;<![CDATA[ Starting documentation generation for project: /test
21:25:23.504 [Test worker] INFO  c.d.service.DocumentationService - ]]>&#x1f4dd;<![CDATA[ Starting documentation generation for project: /empty
21:25:23.504 [ForkJoinPool.commonPool-worker-1] ERROR c.d.service.DocumentationService - ❌ Error generating documentation: Cannot invoke "com.documentor.config.DocumentorConfig$OutputSettings.outputPath()" because the return value of "com.documentor.config.DocumentorConfig.outputSettings()" is null
java.lang.NullPointerException: Cannot invoke "com.documentor.config.DocumentorConfig$OutputSettings.outputPath()" because the return value of "com.documentor.config.DocumentorConfig.outputSettings()" is null
	at com.documentor.service.DocumentationService.lambda$generateDocumentation$0(DocumentationService.java:53)
	at java.base/java.util.concurrent.CompletableFuture$AsyncSupply.run(CompletableFuture.java:1768)
	at java.base/java.util.concurrent.CompletableFuture$AsyncSupply.exec(CompletableFuture.java:1760)
	at java.base/java.util.concurrent.ForkJoinTask.doExec(ForkJoinTask.java:387)
	at java.base/java.util.concurrent.ForkJoinPool$WorkQueue.topLevelExec(ForkJoinPool.java:1312)
	at java.base/java.util.concurrent.ForkJoinPool.scan(ForkJoinPool.java:1843)
	at java.base/java.util.concurrent.ForkJoinPool.runWorker(ForkJoinPool.java:1808)
	at java.base/java.util.concurrent.ForkJoinWorkerThread.run(ForkJoinWorkerThread.java:188)
21:25:23.505 [ForkJoinPool.commonPool-worker-2] ERROR c.d.service.DocumentationService - ❌ Error generating documentation: Cannot invoke "com.documentor.config.DocumentorConfig$OutputSettings.outputPath()" because the return value of "com.documentor.config.DocumentorConfig.outputSettings()" is null
java.lang.NullPointerException: Cannot invoke "com.documentor.config.DocumentorConfig$OutputSettings.outputPath()" because the return value of "com.documentor.config.DocumentorConfig.outputSettings()" is null
	at com.documentor.service.DocumentationService.lambda$generateDocumentation$0(DocumentationService.java:53)
	at java.base/java.util.concurrent.CompletableFuture$AsyncSupply.run(CompletableFuture.java:1768)
	at java.base/java.util.concurrent.CompletableFuture$AsyncSupply.exec(CompletableFuture.java:1760)
	at java.base/java.util.concurrent.ForkJoinTask.doExec(ForkJoinTask.java:387)
	at java.base/java.util.concurrent.ForkJoinPool$WorkQueue.topLevelExec(ForkJoinPool.java:1312)
	at java.base/java.util.concurrent.ForkJoinPool.scan(ForkJoinPool.java:1843)
	at java.base/java.util.concurrent.ForkJoinPool.runWorker(ForkJoinPool.java:1808)
	at java.base/java.util.concurrent.ForkJoinWorkerThread.run(ForkJoinWorkerThread.java:188)
21:25:23.507 [Test worker] INFO  c.d.service.DocumentationService - ]]>&#x1f4dd;<![CDATA[ Starting documentation generation for project: /test
]]></system-out>
  <system-err><![CDATA[]]></system-err>
</testsuite>
