<?xml version="1.0" encoding="UTF-8"?>
<testsuite name="com.documentor.service.LlmServiceIntegrationTest" tests="9" skipped="0" failures="0" errors="0" timestamp="2025-10-08T01:25:24" hostname="LAPPY" time="0.015">
  <properties/>
  <testcase name="testServiceConfiguration()" classname="com.documentor.service.LlmServiceIntegrationTest" time="0.0"/>
  <testcase name="testServiceWithDifferentCodeElementTypes()" classname="com.documentor.service.LlmServiceIntegrationTest" time="0.002"/>
  <testcase name="testGenerateDocumentationWithEmptyModels()" classname="com.documentor.service.LlmServiceIntegrationTest" time="0.002"/>
  <testcase name="testGenerateUsageExamplesWithEmptyModels()" classname="com.documentor.service.LlmServiceIntegrationTest" time="0.001"/>
  <testcase name="testAsyncMethodCalls()" classname="com.documentor.service.LlmServiceIntegrationTest" time="0.001"/>
  <testcase name="testConstructorInitialization()" classname="com.documentor.service.LlmServiceIntegrationTest" time="0.001"/>
  <testcase name="testGenerateUnitTestsWithEmptyModels()" classname="com.documentor.service.LlmServiceIntegrationTest" time="0.001"/>
  <testcase name="testServiceWithMultipleModels()" classname="com.documentor.service.LlmServiceIntegrationTest" time="0.002"/>
  <testcase name="testServiceHandlesMultipleCodeElementTypes()" classname="com.documentor.service.LlmServiceIntegrationTest" time="0.002"/>
  <system-out><![CDATA[21:25:24.477 [Test worker] DEBUG com.documentor.service.LlmService - ]]>&#x1f916;<![CDATA[ Generating documentation for: ]]>&#x1f4e6;<![CDATA[ com.test.TestClass (TestClass.java:1)
21:25:24.477 [Test worker] DEBUG com.documentor.service.LlmService - ]]>&#x1f4a1;<![CDATA[ Generating usage examples for: ]]>&#x1f4e6;<![CDATA[ com.test.TestClass (TestClass.java:1)
21:25:24.477 [Test worker] DEBUG com.documentor.service.LlmService - ]]>&#x1f9ea;<![CDATA[ Generating unit tests for: ]]>&#x1f4e6;<![CDATA[ com.test.TestClass (TestClass.java:1)
21:25:24.477 [Test worker] DEBUG com.documentor.service.LlmService - ]]>&#x1f916;<![CDATA[ Generating documentation for: ]]>&#x1f527;<![CDATA[ com.test.TestClass.testMethod (TestClass.java:5)
21:25:24.477 [Test worker] DEBUG com.documentor.service.LlmService - ]]>&#x1f4a1;<![CDATA[ Generating usage examples for: ]]>&#x1f527;<![CDATA[ com.test.TestClass.testMethod (TestClass.java:5)
21:25:24.477 [Test worker] DEBUG com.documentor.service.LlmService - ]]>&#x1f9ea;<![CDATA[ Generating unit tests for: ]]>&#x1f527;<![CDATA[ com.test.TestClass.testMethod (TestClass.java:5)
21:25:24.477 [Test worker] DEBUG com.documentor.service.LlmService - ]]>&#x1f916;<![CDATA[ Generating documentation for: ]]>&#x1f4ca;<![CDATA[ com.test.TestClass.testField (TestClass.java:3)
21:25:24.477 [Test worker] DEBUG com.documentor.service.LlmService - ]]>&#x1f4a1;<![CDATA[ Generating usage examples for: ]]>&#x1f4ca;<![CDATA[ com.test.TestClass.testField (TestClass.java:3)
21:25:24.477 [Test worker] DEBUG com.documentor.service.LlmService - ]]>&#x1f9ea;<![CDATA[ Generating unit tests for: ]]>&#x1f4ca;<![CDATA[ com.test.TestClass.testField (TestClass.java:3)
21:25:24.477 [Test worker] DEBUG com.documentor.service.LlmService - ]]>&#x1f916;<![CDATA[ Generating documentation for: ]]>&#x1f4e6;<![CDATA[ com.test.TestInterface (TestInterface.java:1)
21:25:24.477 [Test worker] DEBUG com.documentor.service.LlmService - ]]>&#x1f4a1;<![CDATA[ Generating usage examples for: ]]>&#x1f4e6;<![CDATA[ com.test.TestInterface (TestInterface.java:1)
21:25:24.477 [Test worker] DEBUG com.documentor.service.LlmService - ]]>&#x1f9ea;<![CDATA[ Generating unit tests for: ]]>&#x1f4e6;<![CDATA[ com.test.TestInterface (TestInterface.java:1)
21:25:24.479 [Test worker] DEBUG com.documentor.service.LlmService - ]]>&#x1f916;<![CDATA[ Generating documentation for: ]]>&#x1f527;<![CDATA[ com.test.TestClass.testMethod (TestClass.java:10)
21:25:24.481 [Test worker] DEBUG com.documentor.service.LlmService - ]]>&#x1f4a1;<![CDATA[ Generating usage examples for: ]]>&#x1f527;<![CDATA[ com.test.TestClass.testMethod (TestClass.java:10)
21:25:24.482 [Test worker] DEBUG com.documentor.service.LlmService - ]]>&#x1f916;<![CDATA[ Generating documentation for: ]]>&#x1f527;<![CDATA[ com.test.TestClass.testMethod (TestClass.java:10)
21:25:24.482 [Test worker] DEBUG com.documentor.service.LlmService - ]]>&#x1f4a1;<![CDATA[ Generating usage examples for: ]]>&#x1f527;<![CDATA[ com.test.TestClass.testMethod (TestClass.java:10)
21:25:24.482 [Test worker] DEBUG com.documentor.service.LlmService - ]]>&#x1f9ea;<![CDATA[ Generating unit tests for: ]]>&#x1f527;<![CDATA[ com.test.TestClass.testMethod (TestClass.java:10)
21:25:24.484 [Test worker] DEBUG com.documentor.service.LlmService - ]]>&#x1f9ea;<![CDATA[ Generating unit tests for: ]]>&#x1f527;<![CDATA[ com.test.TestClass.testMethod (TestClass.java:10)
21:25:24.486 [Test worker] DEBUG com.documentor.service.LlmService - ]]>&#x1f916;<![CDATA[ Generating documentation for: ]]>&#x1f527;<![CDATA[ com.test.TestClass.testMethod (TestClass.java:10)
21:25:24.487 [Test worker] ERROR com.documentor.service.LlmService - ❌ LLM API call failed for model model-1: Cannot invoke "org.springframework.web.reactive.function.client.WebClient$RequestBodyUriSpec.uri(String, Object[])" because the return value of "org.springframework.web.reactive.function.client.WebClient.post()" is null
21:25:24.487 [Test worker] ERROR com.documentor.service.LlmService - ❌ LLM API call failed for model model-2: Cannot invoke "org.springframework.web.reactive.function.client.WebClient$RequestBodyUriSpec.uri(String, Object[])" because the return value of "org.springframework.web.reactive.function.client.WebClient.post()" is null
21:25:24.489 [Test worker] DEBUG com.documentor.service.LlmService - ]]>&#x1f916;<![CDATA[ Generating documentation for: ]]>&#x1f4e6;<![CDATA[ com.test.TestClass (TestClass.java:1)
21:25:24.489 [Test worker] DEBUG com.documentor.service.LlmService - ]]>&#x1f4a1;<![CDATA[ Generating usage examples for: ]]>&#x1f4e6;<![CDATA[ com.test.TestClass (TestClass.java:1)
21:25:24.489 [Test worker] DEBUG com.documentor.service.LlmService - ]]>&#x1f9ea;<![CDATA[ Generating unit tests for: ]]>&#x1f4e6;<![CDATA[ com.test.TestClass (TestClass.java:1)
]]></system-out>
  <system-err><![CDATA[]]></system-err>
</testsuite>
